<?xml version="1.0" encoding="UTF-8"?>
<coverage generated="1668186357706" clover="3.2.0">
  <project timestamp="1668186357706" name="All files">
    <metrics statements="9" coveredstatements="8" conditionals="0" coveredconditionals="0" methods="4" coveredmethods="4" elements="13" coveredelements="12" complexity="0" loc="9" ncloc="9" packages="2" files="5" classes="5"/>
    <package name="api.auth">
      <metrics statements="2" coveredstatements="2" conditionals="0" coveredconditionals="0" methods="1" coveredmethods="1"/>
      <file name="logout.js" path="C:\Users\johnr\Documents\Github-local\social-media-client-wf-ca-jr\src\js\api\auth\logout.js">
        <metrics statements="2" coveredstatements="2" conditionals="0" coveredconditionals="0" methods="1" coveredmethods="1"/>
        <line num="4" count="1" type="stmt"/>
        <line num="5" count="1" type="stmt"/>
      </file>
    </package>
    <package name="storage">
      <metrics statements="7" coveredstatements="6" conditionals="0" coveredconditionals="0" methods="3" coveredmethods="3"/>
      <file name="index.js" path="C:\Users\johnr\Documents\Github-local\social-media-client-wf-ca-jr\src\js\storage\index.js">
        <metrics statements="0" coveredstatements="0" conditionals="0" coveredconditionals="0" methods="0" coveredmethods="0"/>
      </file>
      <file name="load.js" path="C:\Users\johnr\Documents\Github-local\social-media-client-wf-ca-jr\src\js\storage\load.js">
        <metrics statements="4" coveredstatements="3" conditionals="0" coveredconditionals="0" methods="1" coveredmethods="1"/>
        <line num="1" count="1" type="stmt"/>
        <line num="2" count="2" type="stmt"/>
        <line num="3" count="2" type="stmt"/>
        <line num="5" count="0" type="stmt"/>
      </file>
      <file name="remove.js" path="C:\Users\johnr\Documents\Github-local\social-media-client-wf-ca-jr\src\js\storage\remove.js">
        <metrics statements="1" coveredstatements="1" conditionals="0" coveredconditionals="0" methods="1" coveredmethods="1"/>
        <line num="1" count="2" type="stmt"/>
      </file>
      <file name="save.js" path="C:\Users\johnr\Documents\Github-local\social-media-client-wf-ca-jr\src\js\storage\save.js">
        <metrics statements="2" coveredstatements="2" conditionals="0" coveredconditionals="0" methods="1" coveredmethods="1"/>
        <line num="1" count="1" type="stmt"/>
        <line num="2" count="1" type="stmt"/>
      </file>
    </package>
  </project>
</coverage>
