{"/Users/peroverelv/Desktop/Noroff/repos/social-media-client/es6.js": {"path":"/Users/peroverelv/Desktop/Noroff/repos/social-media-client/es6.js","statementMap":{"0":{"start":{"line":2,"column":4},"end":{"line":4,"column":6}},"1":{"start":{"line":3,"column":6},"end":{"line":3,"column":48}},"2":{"start":{"line":3,"column":23},"end":{"line":3,"column":43}}},"fnMap":{"0":{"name":"wait","decl":{"start":{"line":1,"column":16},"end":{"line":1,"column":20}},"loc":{"start":{"line":1,"column":61},"end":{"line":5,"column":3}},"line":1},"1":{"name":"(anonymous_1)","decl":{"start":{"line":2,"column":23},"end":{"line":2,"column":24}},"loc":{"start":{"line":2,"column":34},"end":{"line":4,"column":5}},"line":2},"2":{"name":"(anonymous_2)","decl":{"start":{"line":3,"column":17},"end":{"line":3,"column":18}},"loc":{"start":{"line":3,"column":23},"end":{"line":3,"column":43}},"line":3}},"branchMap":{"0":{"loc":{"start":{"line":1,"column":21},"end":{"line":1,"column":30}},"type":"default-arg","locations":[{"start":{"line":1,"column":26},"end":{"line":1,"column":30}}],"line":1},"1":{"loc":{"start":{"line":1,"column":32},"end":{"line":1,"column":59}},"type":"default-arg","locations":[{"start":{"line":1,"column":46},"end":{"line":1,"column":59}}],"line":1}},"s":{"0":1,"1":1,"2":1},"f":{"0":1,"1":1,"2":1},"b":{"0":[0],"1":[0]},"_coverageSchema":"1a1c01bbd47fc00a2c39e90264f33305004495a9","hash":"e21fc3eda76c813605b93df8c17086ff3f06d756"}
}
