{"C:\\Users\\johnr\\Documents\\Github-local\\social-media-client-wf-ca-jr\\src\\js\\api\\auth\\logout.js": {"path":"C:\\Users\\johnr\\Documents\\Github-local\\social-media-client-wf-ca-jr\\src\\js\\api\\auth\\logout.js","statementMap":{"0":{"start":{"line":4,"column":2},"end":{"line":4,"column":18}},"1":{"start":{"line":5,"column":2},"end":{"line":5,"column":20}}},"fnMap":{"0":{"name":"logout","decl":{"start":{"line":3,"column":16},"end":{"line":3,"column":22}},"loc":{"start":{"line":3,"column":25},"end":{"line":6,"column":1}},"line":3}},"branchMap":{},"s":{"0":1,"1":1},"f":{"0":1},"b":{},"_coverageSchema":"1a1c01bbd47fc00a2c39e90264f33305004495a9","hash":"0d78523fc97581d2c6ceb5a3fdb3c31d28bfa8d0"}
,"C:\\Users\\johnr\\Documents\\Github-local\\social-media-client-wf-ca-jr\\src\\js\\storage\\index.js": {"path":"C:\\Users\\johnr\\Documents\\Github-local\\social-media-client-wf-ca-jr\\src\\js\\storage\\index.js","statementMap":{},"fnMap":{},"branchMap":{},"s":{},"f":{},"b":{},"_coverageSchema":"1a1c01bbd47fc00a2c39e90264f33305004495a9","hash":"543aea4c97494e682846d5a9a95bc5d79b375b5d"}
,"C:\\Users\\johnr\\Documents\\Github-local\\social-media-client-wf-ca-jr\\src\\js\\storage\\load.js": {"path":"C:\\Users\\johnr\\Documents\\Github-local\\social-media-client-wf-ca-jr\\src\\js\\storage\\load.js","statementMap":{"0":{"start":{"line":1,"column":20},"end":{"line":7,"column":1}},"1":{"start":{"line":2,"column":2},"end":{"line":6,"column":3}},"2":{"start":{"line":3,"column":4},"end":{"line":3,"column":49}},"3":{"start":{"line":5,"column":4},"end":{"line":5,"column":16}}},"fnMap":{"0":{"name":"(anonymous_0)","decl":{"start":{"line":1,"column":20},"end":{"line":1,"column":21}},"loc":{"start":{"line":1,"column":29},"end":{"line":7,"column":1}},"line":1}},"branchMap":{},"s":{"0":1,"1":2,"2":2,"3":0},"f":{"0":2},"b":{},"_coverageSchema":"1a1c01bbd47fc00a2c39e90264f33305004495a9","hash":"334da6e7f12f7f1a8fb2673c4422f2e043cbae36"}
,"C:\\Users\\johnr\\Documents\\Github-local\\social-media-client-wf-ca-jr\\src\\js\\storage\\remove.js": {"path":"C:\\Users\\johnr\\Documents\\Github-local\\social-media-client-wf-ca-jr\\src\\js\\storage\\remove.js","statementMap":{"0":{"start":{"line":1,"column":22},"end":{"line":1,"column":59}},"1":{"start":{"line":1,"column":31},"end":{"line":1,"column":59}}},"fnMap":{"0":{"name":"(anonymous_0)","decl":{"start":{"line":1,"column":22},"end":{"line":1,"column":23}},"loc":{"start":{"line":1,"column":31},"end":{"line":1,"column":59}},"line":1}},"branchMap":{},"s":{"0":1,"1":2},"f":{"0":2},"b":{},"_coverageSchema":"1a1c01bbd47fc00a2c39e90264f33305004495a9","hash":"9f8e6456a8f932548756fdb1fd6aa9695d985a00"}
,"C:\\Users\\johnr\\Documents\\Github-local\\social-media-client-wf-ca-jr\\src\\js\\storage\\save.js": {"path":"C:\\Users\\johnr\\Documents\\Github-local\\social-media-client-wf-ca-jr\\src\\js\\storage\\save.js","statementMap":{"0":{"start":{"line":1,"column":20},"end":{"line":3,"column":1}},"1":{"start":{"line":2,"column":2},"end":{"line":2,"column":51}}},"fnMap":{"0":{"name":"(anonymous_0)","decl":{"start":{"line":1,"column":20},"end":{"line":1,"column":21}},"loc":{"start":{"line":1,"column":36},"end":{"line":3,"column":1}},"line":1}},"branchMap":{},"s":{"0":1,"1":1},"f":{"0":1},"b":{},"_coverageSchema":"1a1c01bbd47fc00a2c39e90264f33305004495a9","hash":"0452d00e46cebac874a98f63a49306c8f505c431"}
}
