TN:
SF:src\js\api\constants.js
FNF:0
FNH:0
DA:1,2
DA:2,2
LF:2
LH:2
BRF:0
BRH:0
end_of_record
TN:
SF:src\js\api\headers.js
FN:3,(anonymous_0)
FNF:1
FNH:1
FNDA:5,(anonymous_0)
DA:3,2
DA:4,5
DA:5,5
DA:7,5
DA:8,5
DA:11,5
DA:12,0
DA:15,5
LF:8
LH:7
BRDA:7,0,0,5
BRDA:7,0,1,0
BRDA:11,1,0,0
BRDA:11,1,1,5
BRF:4
BRH:2
end_of_record
TN:
SF:src\js\api\auth\login.js
FN:5,login
FNF:1
FNH:1
FNDA:3,login
DA:6,3
DA:12,3
DA:13,2
DA:14,2
DA:15,2
DA:16,2
DA:17,2
DA:20,1
LF:8
LH:8
BRDA:12,0,0,2
BRDA:12,0,1,1
BRF:2
BRH:2
end_of_record
TN:
SF:src\js\api\auth\logout.js
FN:3,logout
FNF:1
FNH:1
FNDA:1,logout
DA:4,1
DA:5,1
LF:2
LH:2
BRF:0
BRH:0
end_of_record
TN:
SF:src\js\api\posts\create.js
FN:4,createPost
FNF:1
FNH:1
FNDA:2,createPost
DA:5,2
DA:11,2
DA:12,1
DA:15,1
LF:4
LH:4
BRDA:11,0,0,1
BRDA:11,0,1,1
BRF:2
BRH:2
end_of_record
TN:
SF:src\js\storage\index.js
FNF:0
FNH:0
LF:0
LH:0
BRF:0
BRH:0
end_of_record
TN:
SF:src\js\storage\load.js
FN:1,(anonymous_0)
FNF:1
FNH:1
FNDA:7,(anonymous_0)
DA:1,3
DA:2,7
DA:3,7
DA:5,4
LF:4
LH:4
BRF:0
BRH:0
end_of_record
TN:
SF:src\js\storage\remove.js
FN:1,(anonymous_0)
FNF:1
FNH:1
FNDA:2,(anonymous_0)
DA:1,3
LF:1
LH:1
BRF:0
BRH:0
end_of_record
TN:
SF:src\js\storage\save.js
FN:1,(anonymous_0)
FNF:1
FNH:1
FNDA:5,(anonymous_0)
DA:1,3
DA:2,5
LF:2
LH:2
BRF:0
BRH:0
end_of_record
